F:\GL-PROJECT\GL8-8LIGHTMODEL\GL8-8LIGHTMODEL\DEBUG\VDDS.OBJ
F:\GL-PROJECT\GL8-8LIGHTMODEL\GL8-8LIGHTMODEL\DEBUG\VBM.OBJ
F:\GL-PROJECT\GL8-8LIGHTMODEL\GL8-8LIGHTMODEL\DEBUG\RENDERWIDGET.OBJ
F:\GL-PROJECT\GL8-8LIGHTMODEL\GL8-8LIGHTMODEL\DEBUG\MAIN.OBJ
F:\GL-PROJECT\GL8-8LIGHTMODEL\GL8-8LIGHTMODEL\DEBUG\LOADTEXTURE.OBJ
F:\GL-PROJECT\GL8-8LIGHTMODEL\GL8-8LIGHTMODEL\DEBUG\LOADSHADERS.OBJ
F:\GL-PROJECT\GL8-8LIGHTMODEL\GL8-8LIGHTMODEL\DEBUG\LIGHTMODEL.OBJ
F:\GL-PROJECT\GL8-8LIGHTMODEL\GL8-8LIGHTMODEL\DEBUG\MOC_RENDERWIDGET.OBJ
F:\GL-PROJECT\GL8-8LIGHTMODEL\GL8-8LIGHTMODEL\DEBUG\MOC_LIGHTMODEL.OBJ
F:\GL-PROJECT\GL8-8LIGHTMODEL\GL8-8LIGHTMODEL\DEBUG\VC110.PDB
F:\GL-PROJECT\GL8-8LIGHTMODEL\GL8-8LIGHTMODEL\DEBUG\QRC_LIGHTMODEL.OBJ
F:\GL-PROJECT\GL8-8LIGHTMODEL\GL8-8LIGHTMODEL\GENERATEDFILES\DEBUG\MOC_RENDERWIDGET.CPP
F:\GL-PROJECT\GL8-8LIGHTMODEL\GL8-8LIGHTMODEL\GENERATEDFILES\QRC_LIGHTMODEL.CPP
F:\GL-PROJECT\GL8-8LIGHTMODEL\GL8-8LIGHTMODEL\GENERATEDFILES\DEBUG\MOC_LIGHTMODEL.CPP
F:\GL-PROJECT\GL8-8LIGHTMODEL\GL8-8LIGHTMODEL\GENERATEDFILES\UI_LIGHTMODEL.H
F:\GL-PROJECT\GL8-8LIGHTMODEL\GL8-8LIGHTMODEL\GENERATEDFILES\DEBUG\MOC_VOLUMERGB.CPP
F:\GL-PROJECT\GL8-8LIGHTMODEL\GL8-8LIGHTMODEL\GENERATEDFILES\UI_VOLUMERGB.H
F:\GL-PROJECT\GL8-8LIGHTMODEL\WIN32\DEBUG\GL8-8LIGHTMODEL.ILK
F:\GL-PROJECT\GL8-8LIGHTMODEL\WIN32\DEBUG\GL8-8LIGHTMODEL.EXE
F:\GL-PROJECT\GL8-8LIGHTMODEL\WIN32\DEBUG\GL8-8LIGHTMODEL.PDB
F:\GL-project\gl8-8lightModel\gl8-8lightModel\Debug\lightmodel.obj
F:\GL-project\gl8-8lightModel\gl8-8lightModel\Debug\LoadShaders.obj
F:\GL-project\gl8-8lightModel\gl8-8lightModel\Debug\loadtexture.obj
F:\GL-project\gl8-8lightModel\gl8-8lightModel\Debug\main.obj
F:\GL-project\gl8-8lightModel\gl8-8lightModel\Debug\moc_lightmodel.obj
F:\GL-project\gl8-8lightModel\gl8-8lightModel\Debug\moc_renderWidget.obj
F:\GL-project\gl8-8lightModel\gl8-8lightModel\Debug\qrc_lightmodel.obj
F:\GL-project\gl8-8lightModel\gl8-8lightModel\Debug\renderWidget.obj
F:\GL-project\gl8-8lightModel\gl8-8lightModel\Debug\vbm.obj
F:\GL-project\gl8-8lightModel\gl8-8lightModel\Debug\vdds.obj
F:\GL-project\gl8-8lightModel\gl8-8lightModel\Debug\cl.command.1.tlog
F:\GL-project\gl8-8lightModel\gl8-8lightModel\Debug\CL.read.1.tlog
F:\GL-project\gl8-8lightModel\gl8-8lightModel\Debug\CL.write.1.tlog
F:\GL-project\gl8-8lightModel\gl8-8lightModel\Debug\custombuild.command.1.tlog
F:\GL-project\gl8-8lightModel\gl8-8lightModel\Debug\custombuild.read.1.tlog
F:\GL-project\gl8-8lightModel\gl8-8lightModel\Debug\custombuild.write.1.tlog
F:\GL-project\gl8-8lightModel\gl8-8lightModel\Debug\link-cvtres.read.1.tlog
F:\GL-project\gl8-8lightModel\gl8-8lightModel\Debug\link-cvtres.write.1.tlog
F:\GL-project\gl8-8lightModel\gl8-8lightModel\Debug\link-rc.read.1.tlog
F:\GL-project\gl8-8lightModel\gl8-8lightModel\Debug\link-rc.write.1.tlog
F:\GL-project\gl8-8lightModel\gl8-8lightModel\Debug\link.564-cvtres.read.1.tlog
F:\GL-project\gl8-8lightModel\gl8-8lightModel\Debug\link.564-cvtres.write.1.tlog
F:\GL-project\gl8-8lightModel\gl8-8lightModel\Debug\link.564-rc.read.1.tlog
F:\GL-project\gl8-8lightModel\gl8-8lightModel\Debug\link.564-rc.write.1.tlog
F:\GL-project\gl8-8lightModel\gl8-8lightModel\Debug\link.564.read.1.tlog
F:\GL-project\gl8-8lightModel\gl8-8lightModel\Debug\link.564.write.1.tlog
F:\GL-project\gl8-8lightModel\gl8-8lightModel\Debug\link.6060-cvtres.read.1.tlog
F:\GL-project\gl8-8lightModel\gl8-8lightModel\Debug\link.6060-cvtres.write.1.tlog
F:\GL-project\gl8-8lightModel\gl8-8lightModel\Debug\link.6060-rc.read.1.tlog
F:\GL-project\gl8-8lightModel\gl8-8lightModel\Debug\link.6060-rc.write.1.tlog
F:\GL-project\gl8-8lightModel\gl8-8lightModel\Debug\link.6060.read.1.tlog
F:\GL-project\gl8-8lightModel\gl8-8lightModel\Debug\link.6060.write.1.tlog
F:\GL-project\gl8-8lightModel\gl8-8lightModel\Debug\link.7588-cvtres.read.1.tlog
F:\GL-project\gl8-8lightModel\gl8-8lightModel\Debug\link.7588-cvtres.write.1.tlog
F:\GL-project\gl8-8lightModel\gl8-8lightModel\Debug\link.7588-rc.read.1.tlog
F:\GL-project\gl8-8lightModel\gl8-8lightModel\Debug\link.7588-rc.write.1.tlog
F:\GL-project\gl8-8lightModel\gl8-8lightModel\Debug\link.7588.read.1.tlog
F:\GL-project\gl8-8lightModel\gl8-8lightModel\Debug\link.7588.write.1.tlog
F:\GL-project\gl8-8lightModel\gl8-8lightModel\Debug\link.9684-cvtres.read.1.tlog
F:\GL-project\gl8-8lightModel\gl8-8lightModel\Debug\link.9684-cvtres.write.1.tlog
F:\GL-project\gl8-8lightModel\gl8-8lightModel\Debug\link.9684-rc.read.1.tlog
F:\GL-project\gl8-8lightModel\gl8-8lightModel\Debug\link.9684-rc.write.1.tlog
F:\GL-project\gl8-8lightModel\gl8-8lightModel\Debug\link.9684.read.1.tlog
F:\GL-project\gl8-8lightModel\gl8-8lightModel\Debug\link.9684.write.1.tlog
F:\GL-project\gl8-8lightModel\gl8-8lightModel\Debug\link.command.1.tlog
F:\GL-project\gl8-8lightModel\gl8-8lightModel\Debug\link.read.1.tlog
F:\GL-project\gl8-8lightModel\gl8-8lightModel\Debug\link.write.1.tlog
F:\GL-project\gl8-8lightModel\gl8-8lightModel\Debug\vc110.pdb
F:\GL-project\gl8-8lightModel\Win32\Debug\gl8-8lightModel.pdb
F:\GL-project\gl8-8lightModel\Win32\Debug\gl8-8lightModel.exe
F:\GL-project\gl8-8lightModel\Win32\Debug\gl8-8lightModel.ilk
