F:\GL-PROJECT\GL8-6CUBEMAP\GL8-6CUBEMAP\DEBUG\VBM.OBJ
F:\GL-PROJECT\GL8-6CUBEMAP\GL8-6CUBEMAP\DEBUG\MAIN.OBJ
F:\GL-PROJECT\GL8-6CUBEMAP\GL8-6CUBEMAP\DEBUG\LOADSHADERS.OBJ
F:\GL-PROJECT\GL8-6CUBEMAP\GL8-6CUBEMAP\DEBUG\MOC_CUBEMAP.OBJ
F:\GL-PROJECT\GL8-6CUBEMAP\GL8-6CUBEMAP\DEBUG\CUBEMAP.OBJ
F:\GL-PROJECT\GL8-6CUBEMAP\GL8-6CUBEMAP\DEBUG\QRC_CUBEMAP.OBJ
F:\GL-PROJECT\GL8-6CUBEMAP\GL8-6CUBEMAP\DEBUG\VC110.PDB
F:\GL-PROJECT\GL8-6CUBEMAP\GL8-6CUBEMAP\DEBUG\VDDS.OBJ
F:\GL-PROJECT\GL8-6CUBEMAP\GL8-6CUBEMAP\DEBUG\LOADTEXTURE.OBJ
F:\GL-PROJECT\GL8-6CUBEMAP\GL8-6CUBEMAP\GENERATEDFILES\UI_CUBEMAP.H
F:\GL-PROJECT\GL8-6CUBEMAP\GL8-6CUBEMAP\GENERATEDFILES\QRC_CUBEMAP.CPP
F:\GL-PROJECT\GL8-6CUBEMAP\GL8-6CUBEMAP\GENERATEDFILES\DEBUG\MOC_CUBEMAP.CPP
F:\GL-PROJECT\GL8-6CUBEMAP\WIN32\DEBUG\GL8-6CUBEMAP.ILK
F:\GL-PROJECT\GL8-6CUBEMAP\WIN32\DEBUG\GL8-6CUBEMAP.EXE
F:\GL-PROJECT\GL8-6CUBEMAP\WIN32\DEBUG\GL8-6CUBEMAP.PDB
F:\GL-project\gl8-6CubeMap\gl8-6CubeMap\Debug\cubemap.obj
F:\GL-project\gl8-6CubeMap\gl8-6CubeMap\Debug\LoadShaders.obj
F:\GL-project\gl8-6CubeMap\gl8-6CubeMap\Debug\loadtexture.obj
F:\GL-project\gl8-6CubeMap\gl8-6CubeMap\Debug\main.obj
F:\GL-project\gl8-6CubeMap\gl8-6CubeMap\Debug\moc_cubemap.obj
F:\GL-project\gl8-6CubeMap\gl8-6CubeMap\Debug\qrc_cubemap.obj
F:\GL-project\gl8-6CubeMap\gl8-6CubeMap\Debug\vbm.obj
F:\GL-project\gl8-6CubeMap\gl8-6CubeMap\Debug\vdds.obj
F:\GL-project\gl8-6CubeMap\gl8-6CubeMap\Debug\cl.command.1.tlog
F:\GL-project\gl8-6CubeMap\gl8-6CubeMap\Debug\CL.read.1.tlog
F:\GL-project\gl8-6CubeMap\gl8-6CubeMap\Debug\CL.write.1.tlog
F:\GL-project\gl8-6CubeMap\gl8-6CubeMap\Debug\custombuild.command.1.tlog
F:\GL-project\gl8-6CubeMap\gl8-6CubeMap\Debug\custombuild.read.1.tlog
F:\GL-project\gl8-6CubeMap\gl8-6CubeMap\Debug\custombuild.write.1.tlog
F:\GL-project\gl8-6CubeMap\gl8-6CubeMap\Debug\link-cvtres.read.1.tlog
F:\GL-project\gl8-6CubeMap\gl8-6CubeMap\Debug\link-cvtres.write.1.tlog
F:\GL-project\gl8-6CubeMap\gl8-6CubeMap\Debug\link-rc.read.1.tlog
F:\GL-project\gl8-6CubeMap\gl8-6CubeMap\Debug\link-rc.write.1.tlog
F:\GL-project\gl8-6CubeMap\gl8-6CubeMap\Debug\link.1044.read.1.tlog
F:\GL-project\gl8-6CubeMap\gl8-6CubeMap\Debug\link.1044.write.1.tlog
F:\GL-project\gl8-6CubeMap\gl8-6CubeMap\Debug\link.6824-cvtres.read.1.tlog
F:\GL-project\gl8-6CubeMap\gl8-6CubeMap\Debug\link.6824-cvtres.write.1.tlog
F:\GL-project\gl8-6CubeMap\gl8-6CubeMap\Debug\link.6824-rc.read.1.tlog
F:\GL-project\gl8-6CubeMap\gl8-6CubeMap\Debug\link.6824-rc.write.1.tlog
F:\GL-project\gl8-6CubeMap\gl8-6CubeMap\Debug\link.6824.read.1.tlog
F:\GL-project\gl8-6CubeMap\gl8-6CubeMap\Debug\link.6824.write.1.tlog
F:\GL-project\gl8-6CubeMap\gl8-6CubeMap\Debug\link.7628.read.1.tlog
F:\GL-project\gl8-6CubeMap\gl8-6CubeMap\Debug\link.7628.write.1.tlog
F:\GL-project\gl8-6CubeMap\gl8-6CubeMap\Debug\link.command.1.tlog
F:\GL-project\gl8-6CubeMap\gl8-6CubeMap\Debug\link.read.1.tlog
F:\GL-project\gl8-6CubeMap\gl8-6CubeMap\Debug\link.write.1.tlog
F:\GL-project\gl8-6CubeMap\gl8-6CubeMap\Debug\vc110.idb
F:\GL-project\gl8-6CubeMap\gl8-6CubeMap\Debug\vc110.pdb
F:\GL-project\gl8-6CubeMap\Win32\Debug\gl8-6CubeMap.pdb
