生成启动时间为 2016/7/23 10:45:25。
     1>项目“F:\GL-project\gl8-6mipmap\gl8-6mipmap\gl8-6mipmap.vcxproj”在节点 2 上(Build 个目标)。
     1>CustomBuild:
         Moc'ing mipmap.h...
         Uic'ing mipmap.ui...
         Rcc'ing mipmap.qrc...
     1>RCC : warning : No resources in 'F:\GL-project\gl8-6mipmap\gl8-6mipmap\mipmap.qrc'.
         
       ClCompile:
         E:\baidu download\Visual Studio\VC\bin\CL.exe /c /I.\GeneratedFiles /I. /IE:\QT5.2\5.3\msvc2012_opengl\include /I.\GeneratedFiles\Debug /IE:\QT5.2\5.3\msvc2012_opengl\include\QtCore /IE:\QT5.2\5.3\msvc2012_opengl\include\QtGui /IE:\QT5.2\5.3\msvc2012_opengl\include\QtOpenGL /IE:\QT5.2\5.3\msvc2012_opengl\include\QtWidgets /Zi /nologo /W1 /WX- /Od /Oy- /D UNICODE /D WIN32 /D WIN64 /D QT_DLL /D QT_CORE_LIB /D QT_GUI_LIB /D QT_OPENGL_LIB /D QT_WIDGETS_LIB /Gm- /EHsc /MDd /GS /fp:precise /Zc:wchar_t- /Zc:forScope /Fo"Debug\\" /Fd"Debug\vc110.pdb" /Gd /TP /analyze- /errorReport:prompt GeneratedFiles\Debug\moc_mipmap.cpp LoadShaders.cpp main.cpp mipmap.cpp vbm.cpp
         moc_mipmap.cpp
         LoadShaders.cpp
         main.cpp
         mipmap.cpp
         vbm.cpp
         正在生成代码...
         E:\baidu download\Visual Studio\VC\bin\CL.exe /c /I.\GeneratedFiles /I. /IE:\QT5.2\5.3\msvc2012_opengl\include /I.\GeneratedFiles\Debug /IE:\QT5.2\5.3\msvc2012_opengl\include\QtCore /IE:\QT5.2\5.3\msvc2012_opengl\include\QtGui /IE:\QT5.2\5.3\msvc2012_opengl\include\QtOpenGL /IE:\QT5.2\5.3\msvc2012_opengl\include\QtWidgets /Zi /nologo /W1 /WX- /Od /Oy- /D UNICODE /D WIN32 /D WIN64 /D QT_DLL /D QT_CORE_LIB /D QT_GUI_LIB /D QT_OPENGL_LIB /D QT_WIDGETS_LIB /Gm- /EHsc /MDd /GS /fp:precise /Zc:wchar_t- /Zc:forScope /Fo"Debug\\" /Fd"Debug\vc110.pdb" /Gd /TP /analyze- /errorReport:prompt GeneratedFiles\qrc_mipmap.cpp
         qrc_mipmap.cpp
       Link:
         E:\baidu download\Visual Studio\VC\bin\link.exe /ERRORREPORT:PROMPT /OUT:"F:\GL-project\gl8-6mipmap\Win32\Debug\\gl8-6mipmap.exe" /NOLOGO /LIBPATH:E:\QT5.2\5.3\msvc2012_opengl\lib qtmaind.lib Qt5Cored.lib Qt5Guid.lib Qt5OpenGLd.lib opengl32.lib glu32.lib Qt5Widgetsd.lib kernel32.lib user32.lib gdi32.lib winspool.lib comdlg32.lib advapi32.lib shell32.lib ole32.lib oleaut32.lib uuid.lib odbc32.lib odbccp32.lib /MANIFEST /MANIFESTUAC:"level='asInvoker' uiAccess='false'" /manifest:embed /DEBUG /PDB:"F:\GL-project\gl8-6mipmap\Win32\Debug\gl8-6mipmap.pdb" /SUBSYSTEM:WINDOWS /TLBID:1 /DYNAMICBASE /NXCOMPAT /IMPLIB:"F:\GL-project\gl8-6mipmap\Win32\Debug\gl8-6mipmap.lib" /MACHINE:X86 /SAFESEH Debug\moc_mipmap.obj
         Debug\qrc_mipmap.obj
         Debug\LoadShaders.obj
         Debug\main.obj
         Debug\mipmap.obj
         Debug\vbm.obj
         gl8-6mipmap.vcxproj -> F:\GL-project\gl8-6mipmap\Win32\Debug\gl8-6mipmap.exe
     1>已完成生成项目“F:\GL-project\gl8-6mipmap\gl8-6mipmap\gl8-6mipmap.vcxproj”(Build 个目标)的操作。

生成成功。

已用时间 00:00:23.55
